[21-Nov-2025 12:04:47 Asia/Kolkata] Query Execution Error: SQLSTATE[42S22]: Column not found: 1054 Unknown column 'reg_date' in 'where clause'
[21-Nov-2025 12:04:47 Asia/Kolkata] Fetch Error: Query execution failed: SQLSTATE[42S22]: Column not found: 1054 Unknown column 'reg_date' in 'where clause'
[21-Nov-2025 12:04:47 Asia/Kolkata] Query Execution Error: SQLSTATE[42S22]: Column not found: 1054 Unknown column 'reg_date' in 'where clause'
[21-Nov-2025 12:04:47 Asia/Kolkata] Fetch Error: Query execution failed: SQLSTATE[42S22]: Column not found: 1054 Unknown column 'reg_date' in 'where clause'
[21-Nov-2025 12:08:42 Asia/Kolkata] Query Execution Error: SQLSTATE[42S22]: Column not found: 1054 Unknown column 'reg_date' in 'where clause'
[21-Nov-2025 12:08:42 Asia/Kolkata] Fetch Error: Query execution failed: SQLSTATE[42S22]: Column not found: 1054 Unknown column 'reg_date' in 'where clause'
[21-Nov-2025 12:11:03 Asia/Kolkata] Query Execution Error: SQLSTATE[42S22]: Column not found: 1054 Unknown column 'reg_date' in 'where clause'
[21-Nov-2025 12:11:03 Asia/Kolkata] Fetch Error: Query execution failed: SQLSTATE[42S22]: Column not found: 1054 Unknown column 'reg_date' in 'where clause'
[21-Nov-2025 12:11:03 Asia/Kolkata] Query Execution Error: SQLSTATE[42S22]: Column not found: 1054 Unknown column 'reg_date' in 'where clause'
[21-Nov-2025 12:11:03 Asia/Kolkata] Fetch Error: Query execution failed: SQLSTATE[42S22]: Column not found: 1054 Unknown column 'reg_date' in 'where clause'
[21-Nov-2025 12:18:36 Asia/Kolkata] Query Execution Error: SQLSTATE[42S22]: Column not found: 1054 Unknown column 'reg_date' in 'where clause'
[21-Nov-2025 12:18:36 Asia/Kolkata] Fetch Error: Query execution failed: SQLSTATE[42S22]: Column not found: 1054 Unknown column 'reg_date' in 'where clause'
[21-Nov-2025 12:45:14 Asia/Kolkata] Query Execution Error: SQLSTATE[42S22]: Column not found: 1054 Unknown column 'reg_date' in 'where clause'
[21-Nov-2025 12:45:14 Asia/Kolkata] Fetch Error: Query execution failed: SQLSTATE[42S22]: Column not found: 1054 Unknown column 'reg_date' in 'where clause'
[21-Nov-2025 13:44:09 Asia/Kolkata] Query Execution Error: SQLSTATE[42S22]: Column not found: 1054 Unknown column 'reg_date' in 'where clause'
[21-Nov-2025 13:44:09 Asia/Kolkata] Fetch Error: Query execution failed: SQLSTATE[42S22]: Column not found: 1054 Unknown column 'reg_date' in 'where clause'
[21-Nov-2025 13:44:10 Asia/Kolkata] Query Execution Error: SQLSTATE[42S22]: Column not found: 1054 Unknown column 'reg_date' in 'where clause'
[21-Nov-2025 13:44:10 Asia/Kolkata] Fetch Error: Query execution failed: SQLSTATE[42S22]: Column not found: 1054 Unknown column 'reg_date' in 'where clause'
[21-Nov-2025 13:46:10 Asia/Kolkata] Query Execution Error: SQLSTATE[23000]: Integrity constraint violation: 1062 Duplicate entry 'gauravkulal123@gmail.com' for key 'email'
[21-Nov-2025 13:46:58 Asia/Kolkata] Query Execution Error: SQLSTATE[42S22]: Column not found: 1054 Unknown column 'reg_date' in 'where clause'
[21-Nov-2025 13:46:58 Asia/Kolkata] Fetch Error: Query execution failed: SQLSTATE[42S22]: Column not found: 1054 Unknown column 'reg_date' in 'where clause'
[21-Nov-2025 14:37:23 Asia/Kolkata] Query Execution Error: SQLSTATE[42S22]: Column not found: 1054 Unknown column 'reg_date' in 'where clause'
[21-Nov-2025 14:37:23 Asia/Kolkata] Fetch Error: Query execution failed: SQLSTATE[42S22]: Column not found: 1054 Unknown column 'reg_date' in 'where clause'
[21-Nov-2025 14:57:48 Asia/Kolkata] Query Execution Error: SQLSTATE[42S22]: Column not found: 1054 Unknown column 'reg_date' in 'where clause'
[21-Nov-2025 14:57:48 Asia/Kolkata] Fetch Error: Query execution failed: SQLSTATE[42S22]: Column not found: 1054 Unknown column 'reg_date' in 'where clause'
[21-Nov-2025 15:02:08 Asia/Kolkata] Query Execution Error: SQLSTATE[42S22]: Column not found: 1054 Unknown column 'reg_date' in 'where clause'
[21-Nov-2025 15:02:08 Asia/Kolkata] Fetch Error: Query execution failed: SQLSTATE[42S22]: Column not found: 1054 Unknown column 'reg_date' in 'where clause'
[21-Nov-2025 15:02:24 Asia/Kolkata] Query Execution Error: SQLSTATE[42S22]: Column not found: 1054 Unknown column 'reg_date' in 'where clause'
[21-Nov-2025 15:02:24 Asia/Kolkata] Fetch Error: Query execution failed: SQLSTATE[42S22]: Column not found: 1054 Unknown column 'reg_date' in 'where clause'
[21-Nov-2025 15:03:14 Asia/Kolkata] Query Execution Error: SQLSTATE[42S22]: Column not found: 1054 Unknown column 'reg_date' in 'where clause'
[21-Nov-2025 15:03:14 Asia/Kolkata] Fetch Error: Query execution failed: SQLSTATE[42S22]: Column not found: 1054 Unknown column 'reg_date' in 'where clause'
[03-Dec-2025 20:12:07 Asia/Kolkata] Query Execution Error: SQLSTATE[42S22]: Column not found: 1054 Unknown column 'reg_date' in 'where clause'
[03-Dec-2025 20:12:07 Asia/Kolkata] Fetch Error: Query execution failed: SQLSTATE[42S22]: Column not found: 1054 Unknown column 'reg_date' in 'where clause'
[03-Dec-2025 20:12:07 Asia/Kolkata] Query Execution Error: SQLSTATE[42S22]: Column not found: 1054 Unknown column 'reg_date' in 'where clause'
[03-Dec-2025 20:12:07 Asia/Kolkata] Fetch Error: Query execution failed: SQLSTATE[42S22]: Column not found: 1054 Unknown column 'reg_date' in 'where clause'
[03-Dec-2025 20:14:33 Asia/Kolkata] Query Execution Error: SQLSTATE[42S22]: Column not found: 1054 Unknown column 'reg_date' in 'where clause'
[03-Dec-2025 20:14:33 Asia/Kolkata] Fetch Error: Query execution failed: SQLSTATE[42S22]: Column not found: 1054 Unknown column 'reg_date' in 'where clause'
[04-Dec-2025 09:27:32 Asia/Kolkata] Query Execution Error: SQLSTATE[42S22]: Column not found: 1054 Unknown column 'reg_date' in 'where clause'
[04-Dec-2025 09:27:32 Asia/Kolkata] Fetch Error: Query execution failed: SQLSTATE[42S22]: Column not found: 1054 Unknown column 'reg_date' in 'where clause'
[04-Dec-2025 09:27:32 Asia/Kolkata] Query Execution Error: SQLSTATE[42S22]: Column not found: 1054 Unknown column 'reg_date' in 'where clause'
[04-Dec-2025 09:27:32 Asia/Kolkata] Fetch Error: Query execution failed: SQLSTATE[42S22]: Column not found: 1054 Unknown column 'reg_date' in 'where clause'
[04-Dec-2025 10:10:32 Asia/Kolkata] Query Execution Error: SQLSTATE[42S22]: Column not found: 1054 Unknown column 'reg_date' in 'where clause'
[04-Dec-2025 10:10:32 Asia/Kolkata] Fetch Error: Query execution failed: SQLSTATE[42S22]: Column not found: 1054 Unknown column 'reg_date' in 'where clause'
[04-Dec-2025 10:10:32 Asia/Kolkata] Query Execution Error: SQLSTATE[42S22]: Column not found: 1054 Unknown column 'reg_date' in 'where clause'
[04-Dec-2025 10:10:32 Asia/Kolkata] Fetch Error: Query execution failed: SQLSTATE[42S22]: Column not found: 1054 Unknown column 'reg_date' in 'where clause'
[04-Dec-2025 10:26:36 Asia/Kolkata] Query Execution Error: SQLSTATE[42S22]: Column not found: 1054 Unknown column 'reg_date' in 'where clause'
[04-Dec-2025 10:26:36 Asia/Kolkata] Fetch Error: Query execution failed: SQLSTATE[42S22]: Column not found: 1054 Unknown column 'reg_date' in 'where clause'
[04-Dec-2025 10:27:28 Asia/Kolkata] Query Execution Error: SQLSTATE[42S22]: Column not found: 1054 Unknown column 'reg_date' in 'where clause'
[04-Dec-2025 10:27:28 Asia/Kolkata] Fetch Error: Query execution failed: SQLSTATE[42S22]: Column not found: 1054 Unknown column 'reg_date' in 'where clause'
[13-Jan-2026 18:37:50 Asia/Kolkata] Query Execution Error: SQLSTATE[42S22]: Column not found: 1054 Unknown column 'reg_date' in 'where clause'
[13-Jan-2026 18:37:50 Asia/Kolkata] Fetch Error: Query execution failed: SQLSTATE[42S22]: Column not found: 1054 Unknown column 'reg_date' in 'where clause'
[13-Jan-2026 18:37:50 Asia/Kolkata] Query Execution Error: SQLSTATE[42S22]: Column not found: 1054 Unknown column 'reg_date' in 'where clause'
[13-Jan-2026 18:37:50 Asia/Kolkata] Fetch Error: Query execution failed: SQLSTATE[42S22]: Column not found: 1054 Unknown column 'reg_date' in 'where clause'
[13-Jan-2026 18:40:11 Asia/Kolkata] Query Execution Error: SQLSTATE[42S22]: Column not found: 1054 Unknown column 'reg_date' in 'where clause'
[13-Jan-2026 18:40:11 Asia/Kolkata] Fetch Error: Query execution failed: SQLSTATE[42S22]: Column not found: 1054 Unknown column 'reg_date' in 'where clause'
